0 info it worked if it ends with ok
1 verbose cli [ 'C:\\Program Files\\nodejs\\node.exe',
1 verbose cli   'C:\\Program Files\\nodejs\\node_modules\\npm\\bin\\npm-cli.js',
1 verbose cli   'publish' ]
2 info using npm@3.10.3
3 info using node@v6.6.0
4 verbose publish [ '.' ]
5 silly cache add args [ '.', null ]
6 verbose cache add spec .
7 silly cache add parsed spec Result {
7 silly cache add   raw: '.',
7 silly cache add   scope: null,
7 silly cache add   escapedName: null,
7 silly cache add   name: null,
7 silly cache add   rawSpec: '.',
7 silly cache add   spec: 'C:\\Users\\BBH87K4\\Desktop\\bkahl\\GIT\\bems-theme-react-starter',
7 silly cache add   type: 'directory' }
8 verbose addLocalDirectory C:\Users\BBH87K4\AppData\Roaming\npm-cache\cbp-theme-react-starter\1.0.16\package.tgz not in flight; packing
9 verbose correctMkdir C:\Users\BBH87K4\AppData\Roaming\npm-cache correctMkdir not in flight; initializing
10 info lifecycle cbp-theme-react-starter@1.0.16~prepublish: cbp-theme-react-starter@1.0.16
11 verbose lifecycle cbp-theme-react-starter@1.0.16~prepublish: unsafe-perm in lifecycle true
12 verbose lifecycle cbp-theme-react-starter@1.0.16~prepublish: PATH: C:\Program Files\nodejs\node_modules\npm\bin\node-gyp-bin;C:\Users\BBH87K4\Desktop\bkahl\GIT\bems-theme-react-starter\node_modules\.bin;C:\Program Files\nodejs;C:\Users\BBH87K4\bin;C:\Users\BBH87K4\AppData\Local\Programs\Git\mingw64\bin;C:\Users\BBH87K4\AppData\Local\Programs\Git\usr\local\bin;C:\Users\BBH87K4\AppData\Local\Programs\Git\usr\bin;C:\Users\BBH87K4\AppData\Local\Programs\Git\usr\bin;C:\Users\BBH87K4\AppData\Local\Programs\Git\mingw64\bin;C:\Users\BBH87K4\AppData\Local\Programs\Git\usr\bin;C:\Users\BBH87K4\bin;C:\ProgramData\Oracle\Java\javapath;C:\WINDOWS\system32;C:\WINDOWS;C:\WINDOWS\System32\Wbem;C:\WINDOWS\System32\WindowsPowerShell\v1.0;C:\Program Files (x86)\Enterprise Vault\EVClient;C:\Program Files\nodejs;C:\Program Files (x86)\Java\jre1.8.0_121\bin;C:\Program Files\Java\jre1.8.0_121\bin;C:\WINDOWS\System32\WindowsPowerShell\v1.0;C:\windows\system32;C:\windows;C:\windows\System32\Wbem;C:\windows\System32\WindowsPowerShell\v1.0;C:\Users\Public\CBP-Apps\UTIL;C:\Users\BBH87K4\AppData\Local\Programs\Git\cmd;C:\Users\BBH87K4\AppData\Local\Programs\Git\usr\bin\vendor_perl;C:\Users\BBH87K4\AppData\Local\Programs\Git\usr\bin\core_perl;C:\Program Files\Sublime Text 3;C:\Users\Public\CBP-Apps\Atom;C:\Users\BBH87K4\AppData\Roaming\npm
13 verbose lifecycle cbp-theme-react-starter@1.0.16~prepublish: CWD: C:\Users\BBH87K4\Desktop\bkahl\GIT\bems-theme-react-starter
14 silly lifecycle cbp-theme-react-starter@1.0.16~prepublish: Args: [ '/d /s /c', 'node .scripts/npm-prepublish.js' ]
15 silly lifecycle cbp-theme-react-starter@1.0.16~prepublish: Returned: code: 1  signal: null
16 info lifecycle cbp-theme-react-starter@1.0.16~prepublish: Failed to exec prepublish script
17 error addLocal Could not install C:\Users\BBH87K4\Desktop\bkahl\GIT\bems-theme-react-starter
18 verbose stack Error: cbp-theme-react-starter@1.0.16 prepublish: `node .scripts/npm-prepublish.js`
18 verbose stack Exit status 1
18 verbose stack     at EventEmitter.<anonymous> (C:\Program Files\nodejs\node_modules\npm\lib\utils\lifecycle.js:242:16)
18 verbose stack     at emitTwo (events.js:106:13)
18 verbose stack     at EventEmitter.emit (events.js:191:7)
18 verbose stack     at ChildProcess.<anonymous> (C:\Program Files\nodejs\node_modules\npm\lib\utils\spawn.js:40:14)
18 verbose stack     at emitTwo (events.js:106:13)
18 verbose stack     at ChildProcess.emit (events.js:191:7)
18 verbose stack     at maybeClose (internal/child_process.js:877:16)
18 verbose stack     at Process.ChildProcess._handle.onexit (internal/child_process.js:226:5)
19 verbose pkgid cbp-theme-react-starter@1.0.16
20 verbose cwd C:\Users\BBH87K4\Desktop\bkahl\GIT\bems-theme-react-starter
21 error Windows_NT 6.1.7601
22 error argv "C:\\Program Files\\nodejs\\node.exe" "C:\\Program Files\\nodejs\\node_modules\\npm\\bin\\npm-cli.js" "publish"
23 error node v6.6.0
24 error npm  v3.10.3
25 error code ELIFECYCLE
26 error cbp-theme-react-starter@1.0.16 prepublish: `node .scripts/npm-prepublish.js`
26 error Exit status 1
27 error Failed at the cbp-theme-react-starter@1.0.16 prepublish script 'node .scripts/npm-prepublish.js'.
27 error Make sure you have the latest version of node.js and npm installed.
27 error If you do, this is most likely a problem with the cbp-theme-react-starter package,
27 error not with npm itself.
27 error Tell the author that this fails on your system:
27 error     node .scripts/npm-prepublish.js
27 error You can get information on how to open an issue for this project with:
27 error     npm bugs cbp-theme-react-starter
27 error Or if that isn't available, you can get their info via:
27 error     npm owner ls cbp-theme-react-starter
27 error There is likely additional logging output above.
28 verbose exit [ 1, true ]
